<html>
<head>
<title>TestNG:  Cycle1</title>
<link href="../testng.css" rel="stylesheet" type="text/css" />
<link href="../my-testng.css" rel="stylesheet" type="text/css" />

<style type="text/css">
.log { display: none;} 
.stack-trace { display: none;} 
</style>
<script type="text/javascript">
<!--
function flip(e) {
  current = e.style.display;
  if (current == 'block') {
    e.style.display = 'none';
    return 0;
  }
  else {
    e.style.display = 'block';
    return 1;
  }
}

function toggleBox(szDivId, elem, msg1, msg2)
{
  var res = -1;  if (document.getElementById) {
    res = flip(document.getElementById(szDivId));
  }
  else if (document.all) {
    // this is the way old msie versions work
    res = flip(document.all[szDivId]);
  }
  if(elem) {
    if(res == 0) elem.innerHTML = msg1; else elem.innerHTML = msg2;
  }

}

function toggleAllBoxes() {
  if (document.getElementsByTagName) {
    d = document.getElementsByTagName('div');
    for (i = 0; i < d.length; i++) {
      if (d[i].className == 'log') {
        flip(d[i]);
      }
    }
  }
}

// -->
</script>

</head>
<body>
<h2 align='center'>Cycle1</h2><table border='1' align="center">
<tr>
<td>Tests passed/Failed/Skipped:</td><td>2/1/0</td>
</tr><tr>
<td>Started on:</td><td>Sat Feb 03 20:45:16 IST 2018</td>
</tr>
<tr><td>Total time:</td><td>55 seconds (55397 ms)</td>
</tr><tr>
<td>Included groups:</td><td></td>
</tr><tr>
<td>Excluded groups:</td><td></td>
</tr>
</table><p/>
<small><i>(Hover the method name to see the test class name)</i></small><p/>
<table width='100%' border='1' class='invocation-failed'>
<tr><td colspan='4' align='center'><b>FAILED TESTS</b></td></tr>
<tr><td><b>Test method</b></td>
<td width="30%"><b>Exception</b></td>
<td width="10%"><b>Time (seconds)</b></td>
<td><b>Instance</b></td>
</tr>
<tr>
<td title='UiAuto.ecom.HomePage.TC003_Login_with_valid_credential.Register_new_user()'><b>Register_new_user</b><br>Test class: UiAuto.ecom.HomePage.TC003_Login_with_valid_credential<br/>
<a href="#Output-673429088" onClick='toggleBox("Output-673429088", this, "Show output", "Hide output");'>Show output</a>

<a href="#Output-673429088" onClick="toggleAllBoxes();">Show all outputs</a>
<div class='log' id="Output-673429088">
===============Start test====================<br/>
clicked on log in link on the home screen<br/>
entered valiue in email field on login screen<br/>
entered valiue in password field on login screen<br/>
To Click on login <br/>
Clicked on login <br/>
</div>
</td>
<td><div><pre>org.openqa.selenium.NoSuchElementException: Unable to locate element: {&quot;method&quot;:&quot;xpath&quot;,&quot;selector&quot;:&quot;//a[contains(text(),&apos;Log out&apos;)]&quot;}
Command duration or timeout: 10.06 seconds
For documentation on this error, please visit: http://seleniumhq.org/exceptions/no_such_element.html
Build info: version: &apos;2.53.1&apos;, revision: &apos;a36b8b1cd5757287168e54b817830adce9b0158d&apos;, time: &apos;2016-06-30 19:26:09&apos;
System info: host: &apos;Swat&apos;, ip: &apos;192.168.56.1&apos;, os.name: &apos;Windows 8.1&apos;, os.arch: &apos;amd64&apos;, os.version: &apos;6.3&apos;, java.version: &apos;1.8.0_65&apos;
Driver info: org.openqa.selenium.firefox.FirefoxDriver
Capabilities [{applicationCacheEnabled=true, rotatable=false, handlesAlerts=true, databaseEnabled=true, version=47.0.2, platform=WINDOWS, nativeEvents=false, acceptSslCerts=true, webStorageEnabled=true, locationContextEnabled=true, browserName=firefox, takesScreenshot=true, javascriptEnabled=true, cssSelectorsEnabled=true}]
Session ID: 5c53c9ca-4e36-4028-af86-3a8fdd84a874
*** Element info: {Using=xpath, value=//a[contains(text(),&apos;Log out&apos;)]}
	at org.openqa.selenium.remote.ErrorHandler.createThrowable(ErrorHandler.java:206)
	at org.openqa.selenium.remote.ErrorHandler.throwIfResponseFailed(ErrorHandler.java:158)
	at org.openqa.selenium.remote.RemoteWebDriver.execute(RemoteWebDriver.java:678)
	at org.openqa.selenium.remote.RemoteWebDriver.findElement(RemoteWebDriver.java:363)
	at org.openqa.selenium.remote.RemoteWebDriver.findElementByXPath(RemoteWebDriver.java:500)
	at org.openqa.selenium.By$ByXPath.findElement(By.java:361)
	at org.openqa.selenium.remote.RemoteWebDriver.findElement(RemoteWebDriver.java:355)
	at ecom.src.main.java.UIActions.HomePage.ScreenObjectOnHompepage(HomePage.java:67)
	at ecom.src.main.java.UIActions.HomePage.SuccessFulllogin(HomePage.java:58)
	at UiAuto.ecom.HomePage.TC003_Login_with_valid_credential.Register_new_user(TC003_Login_with_valid_credential.java:28)
	at java.util.concurrent.ThreadPoolExecutor.runWorker(ThreadPoolExecutor.java:1142)
	at java.util.concurrent.ThreadPoolExecutor$Worker.run(ThreadPoolExecutor.java:617)
	at java.lang.Thread.run(Thread.java:745)
Caused by: org.openqa.selenium.NoSuchElementException: Unable to locate element: {&quot;method&quot;:&quot;xpath&quot;,&quot;selector&quot;:&quot;//a[contains(text(),&apos;Log out&apos;)]&quot;}
For documentation on this error, please visit: http://seleniumhq.org/exceptions/no_such_element.html
Build info: version: &apos;2.53.1&apos;, revision: &apos;a36b8b1cd5757287168e54b817830adce9b0158d&apos;, time: &apos;2016-06-30 19:26:09&apos;
System info: host: &apos;Swat&apos;, ip: &apos;192.168.56.1&apos;, os.name: &apos;Windows 8.1&apos;, os.arch: &apos;amd64&apos;, os.version: &apos;6.3&apos;, java.version: &apos;1.8.0_65&apos;
Driver info: driver.version: unknown
	at &lt;anonymous class&gt;.FirefoxDriver.prototype.findElementInternal_(file:///C:/Users/user/AppData/Local/Temp/anonymous5718051720420683715webdriver-profile/extensions/fxdriver@googlecode.com/components/driver-component.js:10770)
	at &lt;anonymous class&gt;.fxdriver.Timer.prototype.setTimeout/&lt;.notify(file:///C:/Users/user/AppData/Local/Temp/anonymous5718051720420683715webdriver-profile/extensions/fxdriver@googlecode.com/components/driver-component.js:625)
... Removed 14 stack frames</pre></div><a href='#' onClick='toggleBox("stack-trace673429088", this, "Click to show all stack frames", "Click to hide stack frames")'>Click to show all stack frames</a>
<div class='stack-trace' id='stack-trace673429088'><pre>org.openqa.selenium.NoSuchElementException: Unable to locate element: {&quot;method&quot;:&quot;xpath&quot;,&quot;selector&quot;:&quot;//a[contains(text(),&apos;Log out&apos;)]&quot;}
Command duration or timeout: 10.06 seconds
For documentation on this error, please visit: http://seleniumhq.org/exceptions/no_such_element.html
Build info: version: &apos;2.53.1&apos;, revision: &apos;a36b8b1cd5757287168e54b817830adce9b0158d&apos;, time: &apos;2016-06-30 19:26:09&apos;
System info: host: &apos;Swat&apos;, ip: &apos;192.168.56.1&apos;, os.name: &apos;Windows 8.1&apos;, os.arch: &apos;amd64&apos;, os.version: &apos;6.3&apos;, java.version: &apos;1.8.0_65&apos;
Driver info: org.openqa.selenium.firefox.FirefoxDriver
Capabilities [{applicationCacheEnabled=true, rotatable=false, handlesAlerts=true, databaseEnabled=true, version=47.0.2, platform=WINDOWS, nativeEvents=false, acceptSslCerts=true, webStorageEnabled=true, locationContextEnabled=true, browserName=firefox, takesScreenshot=true, javascriptEnabled=true, cssSelectorsEnabled=true}]
Session ID: 5c53c9ca-4e36-4028-af86-3a8fdd84a874
*** Element info: {Using=xpath, value=//a[contains(text(),&apos;Log out&apos;)]}
	at sun.reflect.NativeConstructorAccessorImpl.newInstance0(Native Method)
	at sun.reflect.NativeConstructorAccessorImpl.newInstance(NativeConstructorAccessorImpl.java:62)
	at sun.reflect.DelegatingConstructorAccessorImpl.newInstance(DelegatingConstructorAccessorImpl.java:45)
	at java.lang.reflect.Constructor.newInstance(Constructor.java:422)
	at org.openqa.selenium.remote.ErrorHandler.createThrowable(ErrorHandler.java:206)
	at org.openqa.selenium.remote.ErrorHandler.throwIfResponseFailed(ErrorHandler.java:158)
	at org.openqa.selenium.remote.RemoteWebDriver.execute(RemoteWebDriver.java:678)
	at org.openqa.selenium.remote.RemoteWebDriver.findElement(RemoteWebDriver.java:363)
	at org.openqa.selenium.remote.RemoteWebDriver.findElementByXPath(RemoteWebDriver.java:500)
	at org.openqa.selenium.By$ByXPath.findElement(By.java:361)
	at org.openqa.selenium.remote.RemoteWebDriver.findElement(RemoteWebDriver.java:355)
	at ecom.src.main.java.UIActions.HomePage.ScreenObjectOnHompepage(HomePage.java:67)
	at ecom.src.main.java.UIActions.HomePage.SuccessFulllogin(HomePage.java:58)
	at UiAuto.ecom.HomePage.TC003_Login_with_valid_credential.Register_new_user(TC003_Login_with_valid_credential.java:28)
	at sun.reflect.NativeMethodAccessorImpl.invoke0(Native Method)
	at sun.reflect.NativeMethodAccessorImpl.invoke(NativeMethodAccessorImpl.java:62)
	at sun.reflect.DelegatingMethodAccessorImpl.invoke(DelegatingMethodAccessorImpl.java:43)
	at java.lang.reflect.Method.invoke(Method.java:497)
	at org.testng.internal.MethodInvocationHelper.invokeMethod(MethodInvocationHelper.java:104)
	at org.testng.internal.Invoker.invokeMethod(Invoker.java:645)
	at org.testng.internal.Invoker.invokeTestMethod(Invoker.java:851)
	at org.testng.internal.Invoker.invokeTestMethods(Invoker.java:1177)
	at org.testng.internal.TestMethodWorker.invokeTestMethods(TestMethodWorker.java:129)
	at org.testng.internal.TestMethodWorker.run(TestMethodWorker.java:112)
	at java.util.concurrent.ThreadPoolExecutor.runWorker(ThreadPoolExecutor.java:1142)
	at java.util.concurrent.ThreadPoolExecutor$Worker.run(ThreadPoolExecutor.java:617)
	at java.lang.Thread.run(Thread.java:745)
Caused by: org.openqa.selenium.NoSuchElementException: Unable to locate element: {&quot;method&quot;:&quot;xpath&quot;,&quot;selector&quot;:&quot;//a[contains(text(),&apos;Log out&apos;)]&quot;}
For documentation on this error, please visit: http://seleniumhq.org/exceptions/no_such_element.html
Build info: version: &apos;2.53.1&apos;, revision: &apos;a36b8b1cd5757287168e54b817830adce9b0158d&apos;, time: &apos;2016-06-30 19:26:09&apos;
System info: host: &apos;Swat&apos;, ip: &apos;192.168.56.1&apos;, os.name: &apos;Windows 8.1&apos;, os.arch: &apos;amd64&apos;, os.version: &apos;6.3&apos;, java.version: &apos;1.8.0_65&apos;
Driver info: driver.version: unknown
	at &lt;anonymous class&gt;.FirefoxDriver.prototype.findElementInternal_(file:///C:/Users/user/AppData/Local/Temp/anonymous5718051720420683715webdriver-profile/extensions/fxdriver@googlecode.com/components/driver-component.js:10770)
	at &lt;anonymous class&gt;.fxdriver.Timer.prototype.setTimeout/&lt;.notify(file:///C:/Users/user/AppData/Local/Temp/anonymous5718051720420683715webdriver-profile/extensions/fxdriver@googlecode.com/components/driver-component.js:625)
</pre></div></td>
<td>14</td>
<td>UiAuto.ecom.HomePage.TC003_Login_with_valid_credential@1ce92674</td></tr>
</table><p>
<table width='100%' border='1' class='invocation-passed'>
<tr><td colspan='4' align='center'><b>PASSED TESTS</b></td></tr>
<tr><td><b>Test method</b></td>
<td width="30%"><b>Exception</b></td>
<td width="10%"><b>Time (seconds)</b></td>
<td><b>Instance</b></td>
</tr>
<tr>
<td title='UiAuto.ecom.HomePage.TC001_Login_with_Invalid_credential.Login_with_Invalid_credential()'><b>Login_with_Invalid_credential</b><br>Test class: UiAuto.ecom.HomePage.TC001_Login_with_Invalid_credential<br/>
<a href="#Output-2021472075" onClick='toggleBox("Output-2021472075", this, "Show output", "Hide output");'>Show output</a>

<a href="#Output-2021472075" onClick="toggleAllBoxes();">Show all outputs</a>
<div class='log' id="Output-2021472075">
clicked on log in link on the home screen<br/>
entered valiue in email field on login screen<br/>
entered valiue in password field on login screen<br/>
To Click on login <br/>
Clicked on login <br/>
<a href='C:\Users\user\eclipse-workspace\ecom\src\main\java\ecom\src\main\java\scrennShots\login_03_02_2018_08_46_02.png'> <img src='C:\Users\user\eclipse-workspace\ecom\src\main\java\ecom\src\main\java\scrennShots\login_03_02_2018_08_46_02.png' height='100' width='100'/> </a><br/>
</div>
</td>
<td></td>
<td>5</td>
<td>UiAuto.ecom.HomePage.TC001_Login_with_Invalid_credential@7085bdee</td></tr>
<tr>
<td title='UiAuto.ecom.HomePage.TC002_Register_new_user.Register_new_user()'><b>Register_new_user</b><br>Test class: UiAuto.ecom.HomePage.TC002_Register_new_user<br/>
<a href="#Output-2104477815" onClick='toggleBox("Output-2104477815", this, "Show output", "Hide output");'>Show output</a>

<a href="#Output-2104477815" onClick="toggleAllBoxes();">Show all outputs</a>
<div class='log' id="Output-2104477815">
==================strat testing===================<br/>
to click on Register link<br/>
clicked on Register link<br/>
to click on sex<br/>
clicked on sex<br/>
to enter first name <br/>
entered data in fst name <br/>
to enter last name <br/>
entered data in last name <br/>
to enter Email <br/>
entered data in Email <br/>
to enter Email <br/>
entered data in Email <br/>
to enter Company name <br/>
entered data in Company name <br/>
to enter Password <br/>
entered data in Password <br/>
to enter Confirm password: <br/>
entered data in Confirm password: <br/>
to click Registration button<br/>
 clicked Registration button<br/>
<a href='C:\Users\user\eclipse-workspace\ecom\src\main\java\ecom\src\main\java\scrennShots\register new user_03_02_2018_08_46_05.png'> <img src='C:\Users\user\eclipse-workspace\ecom\src\main\java\ecom\src\main\java\scrennShots\register new user_03_02_2018_08_46_05.png' height='100' width='100'/> </a><br/>
Your registration completed<br/>
===================End of the test==================<br/>
</div>
</td>
<td></td>
<td>8</td>
<td>UiAuto.ecom.HomePage.TC002_Register_new_user@73ad2d6</td></tr>
</table><p>
</body>
</html>