<!DOCTYPE html PUBLIC "-//W3C//DTD XHTML 1.1//EN" "http://www.w3.org/TR/xhtml11/DTD/xhtml11.dtd">
<html xmlns="http://www.w3.org/1999/xhtml"><head><title>TestNG Report</title><style type="text/css">table {margin-bottom:10px;border-collapse:collapse;empty-cells:show}th,td {border:1px solid #009;padding:.25em .5em}th {vertical-align:bottom}td {vertical-align:top}table a {font-weight:bold}.stripe td {background-color: #E6EBF9}.num {text-align:right}.passedodd td {background-color: #3F3}.passedeven td {background-color: #0A0}.skippedodd td {background-color: #DDD}.skippedeven td {background-color: #CCC}.failedodd td,.attn {background-color: #F33}.failedeven td,.stripe .attn {background-color: #D00}.stacktrace {white-space:pre;font-family:monospace}.totop {font-size:85%;text-align:center;border-bottom:2px solid #000}</style></head><body><table><tr><th>Test</th><th># Passed</th><th># Skipped</th><th># Failed</th><th>Time (ms)</th><th>Included Groups</th><th>Excluded Groups</th></tr><tr><th colspan="7">RegressionSuit</th></tr><tr><td><a href="#t0">Cycle1</a></td><td class="num">2</td><td class="num">0</td><td class="num attn">1</td><td class="num">55,397</td><td></td><td></td></tr></table><table><thead><tr><th>Class</th><th>Method</th><th>Start</th><th>Time (ms)</th></tr></thead><tbody><tr><th colspan="4">RegressionSuit</th></tr></tbody><tbody id="t0"><tr><th colspan="4">Cycle1 &#8212; failed</th></tr><tr class="failedeven"><td rowspan="1">UiAuto.ecom.HomePage.TC003_Login_with_valid_credential</td><td><a href="#m0">Register_new_user</a></td><td rowspan="1">1517670957461</td><td rowspan="1">14706</td></tr><tr><th colspan="4">Cycle1 &#8212; passed</th></tr><tr class="passedeven"><td rowspan="1">UiAuto.ecom.HomePage.TC001_Login_with_Invalid_credential</td><td><a href="#m1">Login_with_Invalid_credential</a></td><td rowspan="1">1517670957461</td><td rowspan="1">5614</td></tr><tr class="passedodd"><td rowspan="1">UiAuto.ecom.HomePage.TC002_Register_new_user</td><td><a href="#m2">Register_new_user</a></td><td rowspan="1">1517670957461</td><td rowspan="1">8415</td></tr></tbody></table><h2>Cycle1</h2><h3 id="m0">UiAuto.ecom.HomePage.TC003_Login_with_valid_credential#Register_new_user</h3><table class="result"><tr><th>Messages</th></tr><tr><td><div class="messages">===============Start test====================<br/>clicked on log in link on the home screen<br/>entered valiue in email field on login screen<br/>entered valiue in password field on login screen<br/>To Click on login <br/>Clicked on login </div></td></tr><tr><th>Exception</th></tr><tr><td><div class="stacktrace">org.openqa.selenium.NoSuchElementException: Unable to locate element: {&quot;method&quot;:&quot;xpath&quot;,&quot;selector&quot;:&quot;//a[contains(text(),&apos;Log out&apos;)]&quot;}
Command duration or timeout: 10.06 seconds
For documentation on this error, please visit: http://seleniumhq.org/exceptions/no_such_element.html
Build info: version: &apos;2.53.1&apos;, revision: &apos;a36b8b1cd5757287168e54b817830adce9b0158d&apos;, time: &apos;2016-06-30 19:26:09&apos;
System info: host: &apos;Swat&apos;, ip: &apos;192.168.56.1&apos;, os.name: &apos;Windows 8.1&apos;, os.arch: &apos;amd64&apos;, os.version: &apos;6.3&apos;, java.version: &apos;1.8.0_65&apos;
Driver info: org.openqa.selenium.firefox.FirefoxDriver
Capabilities [{applicationCacheEnabled=true, rotatable=false, handlesAlerts=true, databaseEnabled=true, version=47.0.2, platform=WINDOWS, nativeEvents=false, acceptSslCerts=true, webStorageEnabled=true, locationContextEnabled=true, browserName=firefox, takesScreenshot=true, javascriptEnabled=true, cssSelectorsEnabled=true}]
Session ID: 5c53c9ca-4e36-4028-af86-3a8fdd84a874
*** Element info: {Using=xpath, value=//a[contains(text(),&apos;Log out&apos;)]}
	at org.openqa.selenium.remote.ErrorHandler.createThrowable(ErrorHandler.java:206)
	at org.openqa.selenium.remote.ErrorHandler.throwIfResponseFailed(ErrorHandler.java:158)
	at org.openqa.selenium.remote.RemoteWebDriver.execute(RemoteWebDriver.java:678)
	at org.openqa.selenium.remote.RemoteWebDriver.findElement(RemoteWebDriver.java:363)
	at org.openqa.selenium.remote.RemoteWebDriver.findElementByXPath(RemoteWebDriver.java:500)
	at org.openqa.selenium.By$ByXPath.findElement(By.java:361)
	at org.openqa.selenium.remote.RemoteWebDriver.findElement(RemoteWebDriver.java:355)
	at ecom.src.main.java.UIActions.HomePage.ScreenObjectOnHompepage(HomePage.java:67)
	at ecom.src.main.java.UIActions.HomePage.SuccessFulllogin(HomePage.java:58)
	at UiAuto.ecom.HomePage.TC003_Login_with_valid_credential.Register_new_user(TC003_Login_with_valid_credential.java:28)
	at java.util.concurrent.ThreadPoolExecutor.runWorker(ThreadPoolExecutor.java:1142)
	at java.util.concurrent.ThreadPoolExecutor$Worker.run(ThreadPoolExecutor.java:617)
	at java.lang.Thread.run(Thread.java:745)
Caused by: org.openqa.selenium.NoSuchElementException: Unable to locate element: {&quot;method&quot;:&quot;xpath&quot;,&quot;selector&quot;:&quot;//a[contains(text(),&apos;Log out&apos;)]&quot;}
For documentation on this error, please visit: http://seleniumhq.org/exceptions/no_such_element.html
Build info: version: &apos;2.53.1&apos;, revision: &apos;a36b8b1cd5757287168e54b817830adce9b0158d&apos;, time: &apos;2016-06-30 19:26:09&apos;
System info: host: &apos;Swat&apos;, ip: &apos;192.168.56.1&apos;, os.name: &apos;Windows 8.1&apos;, os.arch: &apos;amd64&apos;, os.version: &apos;6.3&apos;, java.version: &apos;1.8.0_65&apos;
Driver info: driver.version: unknown
	at &lt;anonymous class&gt;.FirefoxDriver.prototype.findElementInternal_(file:///C:/Users/user/AppData/Local/Temp/anonymous5718051720420683715webdriver-profile/extensions/fxdriver@googlecode.com/components/driver-component.js:10770)
	at &lt;anonymous class&gt;.fxdriver.Timer.prototype.setTimeout/&lt;.notify(file:///C:/Users/user/AppData/Local/Temp/anonymous5718051720420683715webdriver-profile/extensions/fxdriver@googlecode.com/components/driver-component.js:625)
... Removed 14 stack frames</div></td></tr></table><p class="totop"><a href="#summary">back to summary</a></p><h3 id="m1">UiAuto.ecom.HomePage.TC001_Login_with_Invalid_credential#Login_with_Invalid_credential</h3><table class="result"><tr><th>Messages</th></tr><tr><td><div class="messages">clicked on log in link on the home screen<br/>entered valiue in email field on login screen<br/>entered valiue in password field on login screen<br/>To Click on login <br/>Clicked on login <br/><a href='C:\Users\user\eclipse-workspace\ecom\src\main\java\ecom\src\main\java\scrennShots\login_03_02_2018_08_46_02.png'> <img src='C:\Users\user\eclipse-workspace\ecom\src\main\java\ecom\src\main\java\scrennShots\login_03_02_2018_08_46_02.png' height='100' width='100'/> </a></div></td></tr></table><p class="totop"><a href="#summary">back to summary</a></p><h3 id="m2">UiAuto.ecom.HomePage.TC002_Register_new_user#Register_new_user</h3><table class="result"><tr><th>Messages</th></tr><tr><td><div class="messages">==================strat testing===================<br/>to click on Register link<br/>clicked on Register link<br/>to click on sex<br/>clicked on sex<br/>to enter first name <br/>entered data in fst name <br/>to enter last name <br/>entered data in last name <br/>to enter Email <br/>entered data in Email <br/>to enter Email <br/>entered data in Email <br/>to enter Company name <br/>entered data in Company name <br/>to enter Password <br/>entered data in Password <br/>to enter Confirm password: <br/>entered data in Confirm password: <br/>to click Registration button<br/> clicked Registration button<br/><a href='C:\Users\user\eclipse-workspace\ecom\src\main\java\ecom\src\main\java\scrennShots\register new user_03_02_2018_08_46_05.png'> <img src='C:\Users\user\eclipse-workspace\ecom\src\main\java\ecom\src\main\java\scrennShots\register new user_03_02_2018_08_46_05.png' height='100' width='100'/> </a><br/>Your registration completed<br/>===================End of the test==================</div></td></tr></table><p class="totop"><a href="#summary">back to summary</a></p></body></html>