<?xml version="1.0" encoding="UTF-8"?>
<testng-results skipped="0" failed="1" ignored="0" total="3" passed="2">
  <reporter-output>
    <line>
      <![CDATA[===============Start test====================]]>
    </line>
    <line>
      <![CDATA[==================strat testing===================]]>
    </line>
    <line>
      <![CDATA[to click on Register link]]>
    </line>
    <line>
      <![CDATA[clicked on Register link]]>
    </line>
    <line>
      <![CDATA[to click on sex]]>
    </line>
    <line>
      <![CDATA[clicked on log in link on the home screen]]>
    </line>
    <line>
      <![CDATA[clicked on log in link on the home screen]]>
    </line>
    <line>
      <![CDATA[entered valiue in email field on login screen]]>
    </line>
    <line>
      <![CDATA[entered valiue in email field on login screen]]>
    </line>
    <line>
      <![CDATA[entered valiue in password field on login screen]]>
    </line>
    <line>
      <![CDATA[To Click on login ]]>
    </line>
    <line>
      <![CDATA[entered valiue in password field on login screen]]>
    </line>
    <line>
      <![CDATA[To Click on login ]]>
    </line>
    <line>
      <![CDATA[clicked on sex]]>
    </line>
    <line>
      <![CDATA[to enter first name ]]>
    </line>
    <line>
      <![CDATA[entered data in fst name ]]>
    </line>
    <line>
      <![CDATA[to enter last name ]]>
    </line>
    <line>
      <![CDATA[Clicked on login ]]>
    </line>
    <line>
      <![CDATA[Clicked on login ]]>
    </line>
    <line>
      <![CDATA[entered data in last name ]]>
    </line>
    <line>
      <![CDATA[to enter Email ]]>
    </line>
    <line>
      <![CDATA[entered data in Email ]]>
    </line>
    <line>
      <![CDATA[to enter Email ]]>
    </line>
    <line>
      <![CDATA[<a href='C:\Users\user\eclipse-workspace\ecom\src\main\java\ecom\src\main\java\scrennShots\login_03_02_2018_08_46_02.png'> <img src='C:\Users\user\eclipse-workspace\ecom\src\main\java\ecom\src\main\java\scrennShots\login_03_02_2018_08_46_02.png' height='100' width='100'/> </a>]]>
    </line>
    <line>
      <![CDATA[entered data in Email ]]>
    </line>
    <line>
      <![CDATA[to enter Company name ]]>
    </line>
    <line>
      <![CDATA[entered data in Company name ]]>
    </line>
    <line>
      <![CDATA[to enter Password ]]>
    </line>
    <line>
      <![CDATA[entered data in Password ]]>
    </line>
    <line>
      <![CDATA[to enter Confirm password: ]]>
    </line>
    <line>
      <![CDATA[entered data in Confirm password: ]]>
    </line>
    <line>
      <![CDATA[to click Registration button]]>
    </line>
    <line>
      <![CDATA[ clicked Registration button]]>
    </line>
    <line>
      <![CDATA[<a href='C:\Users\user\eclipse-workspace\ecom\src\main\java\ecom\src\main\java\scrennShots\register new user_03_02_2018_08_46_05.png'> <img src='C:\Users\user\eclipse-workspace\ecom\src\main\java\ecom\src\main\java\scrennShots\register new user_03_02_2018_08_46_05.png' height='100' width='100'/> </a>]]>
    </line>
    <line>
      <![CDATA[Your registration completed]]>
    </line>
    <line>
      <![CDATA[===================End of the test==================]]>
    </line>
    <line>
      <![CDATA[closing browser]]>
    </line>
    <line>
      <![CDATA[closing the browser]]>
    </line>
  </reporter-output>
  <suite name="RegressionSuit" duration-ms="55397" started-at="2018-02-03T15:15:16Z" finished-at="2018-02-03T15:16:12Z">
    <groups>
    </groups>
    <test name="Cycle1" duration-ms="55397" started-at="2018-02-03T15:15:16Z" finished-at="2018-02-03T15:16:12Z">
      <class name="UiAuto.ecom.HomePage.TC003_Login_with_valid_credential">
        <test-method status="FAIL" signature="Register_new_user()[pri:0, instance:UiAuto.ecom.HomePage.TC003_Login_with_valid_credential@1ce92674]" name="Register_new_user" duration-ms="14706" started-at="2018-02-03T20:45:57Z" finished-at="2018-02-03T20:46:12Z">
          <exception class="org.openqa.selenium.NoSuchElementException">
            <message>
              <![CDATA[Unable to locate element: {"method":"xpath","selector":"//a[contains(text(),'Log out')]"}
Command duration or timeout: 10.06 seconds
For documentation on this error, please visit: http://seleniumhq.org/exceptions/no_such_element.html
Build info: version: '2.53.1', revision: 'a36b8b1cd5757287168e54b817830adce9b0158d', time: '2016-06-30 19:26:09'
System info: host: 'Swat', ip: '192.168.56.1', os.name: 'Windows 8.1', os.arch: 'amd64', os.version: '6.3', java.version: '1.8.0_65'
Driver info: org.openqa.selenium.firefox.FirefoxDriver
Capabilities [{applicationCacheEnabled=true, rotatable=false, handlesAlerts=true, databaseEnabled=true, version=47.0.2, platform=WINDOWS, nativeEvents=false, acceptSslCerts=true, webStorageEnabled=true, locationContextEnabled=true, browserName=firefox, takesScreenshot=true, javascriptEnabled=true, cssSelectorsEnabled=true}]
Session ID: 5c53c9ca-4e36-4028-af86-3a8fdd84a874
*** Element info: {Using=xpath, value=//a[contains(text(),'Log out')]}]]>
            </message>
            <full-stacktrace>
              <![CDATA[org.openqa.selenium.NoSuchElementException: Unable to locate element: {"method":"xpath","selector":"//a[contains(text(),'Log out')]"}
Command duration or timeout: 10.06 seconds
For documentation on this error, please visit: http://seleniumhq.org/exceptions/no_such_element.html
Build info: version: '2.53.1', revision: 'a36b8b1cd5757287168e54b817830adce9b0158d', time: '2016-06-30 19:26:09'
System info: host: 'Swat', ip: '192.168.56.1', os.name: 'Windows 8.1', os.arch: 'amd64', os.version: '6.3', java.version: '1.8.0_65'
Driver info: org.openqa.selenium.firefox.FirefoxDriver
Capabilities [{applicationCacheEnabled=true, rotatable=false, handlesAlerts=true, databaseEnabled=true, version=47.0.2, platform=WINDOWS, nativeEvents=false, acceptSslCerts=true, webStorageEnabled=true, locationContextEnabled=true, browserName=firefox, takesScreenshot=true, javascriptEnabled=true, cssSelectorsEnabled=true}]
Session ID: 5c53c9ca-4e36-4028-af86-3a8fdd84a874
*** Element info: {Using=xpath, value=//a[contains(text(),'Log out')]}
	at sun.reflect.NativeConstructorAccessorImpl.newInstance0(Native Method)
	at sun.reflect.NativeConstructorAccessorImpl.newInstance(NativeConstructorAccessorImpl.java:62)
	at sun.reflect.DelegatingConstructorAccessorImpl.newInstance(DelegatingConstructorAccessorImpl.java:45)
	at java.lang.reflect.Constructor.newInstance(Constructor.java:422)
	at org.openqa.selenium.remote.ErrorHandler.createThrowable(ErrorHandler.java:206)
	at org.openqa.selenium.remote.ErrorHandler.throwIfResponseFailed(ErrorHandler.java:158)
	at org.openqa.selenium.remote.RemoteWebDriver.execute(RemoteWebDriver.java:678)
	at org.openqa.selenium.remote.RemoteWebDriver.findElement(RemoteWebDriver.java:363)
	at org.openqa.selenium.remote.RemoteWebDriver.findElementByXPath(RemoteWebDriver.java:500)
	at org.openqa.selenium.By$ByXPath.findElement(By.java:361)
	at org.openqa.selenium.remote.RemoteWebDriver.findElement(RemoteWebDriver.java:355)
	at ecom.src.main.java.UIActions.HomePage.ScreenObjectOnHompepage(HomePage.java:67)
	at ecom.src.main.java.UIActions.HomePage.SuccessFulllogin(HomePage.java:58)
	at UiAuto.ecom.HomePage.TC003_Login_with_valid_credential.Register_new_user(TC003_Login_with_valid_credential.java:28)
	at sun.reflect.NativeMethodAccessorImpl.invoke0(Native Method)
	at sun.reflect.NativeMethodAccessorImpl.invoke(NativeMethodAccessorImpl.java:62)
	at sun.reflect.DelegatingMethodAccessorImpl.invoke(DelegatingMethodAccessorImpl.java:43)
	at java.lang.reflect.Method.invoke(Method.java:497)
	at org.testng.internal.MethodInvocationHelper.invokeMethod(MethodInvocationHelper.java:104)
	at org.testng.internal.Invoker.invokeMethod(Invoker.java:645)
	at org.testng.internal.Invoker.invokeTestMethod(Invoker.java:851)
	at org.testng.internal.Invoker.invokeTestMethods(Invoker.java:1177)
	at org.testng.internal.TestMethodWorker.invokeTestMethods(TestMethodWorker.java:129)
	at org.testng.internal.TestMethodWorker.run(TestMethodWorker.java:112)
	at java.util.concurrent.ThreadPoolExecutor.runWorker(ThreadPoolExecutor.java:1142)
	at java.util.concurrent.ThreadPoolExecutor$Worker.run(ThreadPoolExecutor.java:617)
	at java.lang.Thread.run(Thread.java:745)
Caused by: org.openqa.selenium.NoSuchElementException: Unable to locate element: {"method":"xpath","selector":"//a[contains(text(),'Log out')]"}
For documentation on this error, please visit: http://seleniumhq.org/exceptions/no_such_element.html
Build info: version: '2.53.1', revision: 'a36b8b1cd5757287168e54b817830adce9b0158d', time: '2016-06-30 19:26:09'
System info: host: 'Swat', ip: '192.168.56.1', os.name: 'Windows 8.1', os.arch: 'amd64', os.version: '6.3', java.version: '1.8.0_65'
Driver info: driver.version: unknown
	at <anonymous class>.FirefoxDriver.prototype.findElementInternal_(file:///C:/Users/user/AppData/Local/Temp/anonymous5718051720420683715webdriver-profile/extensions/fxdriver@googlecode.com/components/driver-component.js:10770)
	at <anonymous class>.fxdriver.Timer.prototype.setTimeout/<.notify(file:///C:/Users/user/AppData/Local/Temp/anonymous5718051720420683715webdriver-profile/extensions/fxdriver@googlecode.com/components/driver-component.js:625)
]]>
            </full-stacktrace>
          </exception> <!-- org.openqa.selenium.NoSuchElementException -->
          <reporter-output>
            <line>
              <![CDATA[===============Start test====================]]>
            </line>
            <line>
              <![CDATA[clicked on log in link on the home screen]]>
            </line>
            <line>
              <![CDATA[entered valiue in email field on login screen]]>
            </line>
            <line>
              <![CDATA[entered valiue in password field on login screen]]>
            </line>
            <line>
              <![CDATA[To Click on login ]]>
            </line>
            <line>
              <![CDATA[Clicked on login ]]>
            </line>
          </reporter-output>
        </test-method> <!-- Register_new_user -->
      </class> <!-- UiAuto.ecom.HomePage.TC003_Login_with_valid_credential -->
      <class name="UiAuto.ecom.HomePage.TC001_Login_with_Invalid_credential">
        <test-method status="PASS" signature="startTest()[pri:0, instance:UiAuto.ecom.HomePage.TC001_Login_with_Invalid_credential@7085bdee]" name="startTest" is-config="true" duration-ms="14142" started-at="2018-02-03T20:45:16Z" finished-at="2018-02-03T20:45:31Z">
          <reporter-output>
          </reporter-output>
        </test-method> <!-- startTest -->
        <test-method status="PASS" signature="start_test()[pri:0, instance:UiAuto.ecom.HomePage.TC002_Register_new_user@73ad2d6]" name="start_test" is-config="true" duration-ms="12776" started-at="2018-02-03T20:45:31Z" finished-at="2018-02-03T20:45:43Z">
          <reporter-output>
          </reporter-output>
        </test-method> <!-- start_test -->
        <test-method status="PASS" signature="start_test()[pri:0, instance:UiAuto.ecom.HomePage.TC003_Login_with_valid_credential@1ce92674]" name="start_test" is-config="true" duration-ms="13599" started-at="2018-02-03T20:45:43Z" finished-at="2018-02-03T20:45:57Z">
          <reporter-output>
          </reporter-output>
        </test-method> <!-- start_test -->
        <test-method status="PASS" signature="Login_with_Invalid_credential()[pri:0, instance:UiAuto.ecom.HomePage.TC001_Login_with_Invalid_credential@7085bdee]" name="Login_with_Invalid_credential" duration-ms="5614" started-at="2018-02-03T20:45:57Z" finished-at="2018-02-03T20:46:03Z">
          <reporter-output>
            <line>
              <![CDATA[clicked on log in link on the home screen]]>
            </line>
            <line>
              <![CDATA[entered valiue in email field on login screen]]>
            </line>
            <line>
              <![CDATA[entered valiue in password field on login screen]]>
            </line>
            <line>
              <![CDATA[To Click on login ]]>
            </line>
            <line>
              <![CDATA[Clicked on login ]]>
            </line>
            <line>
              <![CDATA[<a href='C:\Users\user\eclipse-workspace\ecom\src\main\java\ecom\src\main\java\scrennShots\login_03_02_2018_08_46_02.png'> <img src='C:\Users\user\eclipse-workspace\ecom\src\main\java\ecom\src\main\java\scrennShots\login_03_02_2018_08_46_02.png' height='100' width='100'/> </a>]]>
            </line>
          </reporter-output>
        </test-method> <!-- Login_with_Invalid_credential -->
        <test-method status="PASS" signature="endTest()[pri:0, instance:UiAuto.ecom.HomePage.TC001_Login_with_Invalid_credential@7085bdee]" name="endTest" is-config="true" duration-ms="36" started-at="2018-02-03T20:46:12Z" finished-at="2018-02-03T20:46:12Z">
          <reporter-output>
          </reporter-output>
        </test-method> <!-- endTest -->
        <test-method status="PASS" signature="end_test()[pri:0, instance:UiAuto.ecom.HomePage.TC002_Register_new_user@73ad2d6]" name="end_test" is-config="true" duration-ms="29" started-at="2018-02-03T20:46:12Z" finished-at="2018-02-03T20:46:12Z">
          <reporter-output>
            <line>
              <![CDATA[closing browser]]>
            </line>
            <line>
              <![CDATA[closing the browser]]>
            </line>
          </reporter-output>
        </test-method> <!-- end_test -->
        <test-method status="PASS" signature="end_test()[pri:0, instance:UiAuto.ecom.HomePage.TC003_Login_with_valid_credential@1ce92674]" name="end_test" is-config="true" duration-ms="0" started-at="2018-02-03T20:46:12Z" finished-at="2018-02-03T20:46:12Z">
          <reporter-output>
          </reporter-output>
        </test-method> <!-- end_test -->
      </class> <!-- UiAuto.ecom.HomePage.TC001_Login_with_Invalid_credential -->
      <class name="UiAuto.ecom.HomePage.TC002_Register_new_user">
        <test-method status="PASS" signature="Register_new_user()[pri:0, instance:UiAuto.ecom.HomePage.TC002_Register_new_user@73ad2d6]" name="Register_new_user" duration-ms="8415" started-at="2018-02-03T20:45:57Z" finished-at="2018-02-03T20:46:05Z">
          <reporter-output>
            <line>
              <![CDATA[==================strat testing===================]]>
            </line>
            <line>
              <![CDATA[to click on Register link]]>
            </line>
            <line>
              <![CDATA[clicked on Register link]]>
            </line>
            <line>
              <![CDATA[to click on sex]]>
            </line>
            <line>
              <![CDATA[clicked on sex]]>
            </line>
            <line>
              <![CDATA[to enter first name ]]>
            </line>
            <line>
              <![CDATA[entered data in fst name ]]>
            </line>
            <line>
              <![CDATA[to enter last name ]]>
            </line>
            <line>
              <![CDATA[entered data in last name ]]>
            </line>
            <line>
              <![CDATA[to enter Email ]]>
            </line>
            <line>
              <![CDATA[entered data in Email ]]>
            </line>
            <line>
              <![CDATA[to enter Email ]]>
            </line>
            <line>
              <![CDATA[entered data in Email ]]>
            </line>
            <line>
              <![CDATA[to enter Company name ]]>
            </line>
            <line>
              <![CDATA[entered data in Company name ]]>
            </line>
            <line>
              <![CDATA[to enter Password ]]>
            </line>
            <line>
              <![CDATA[entered data in Password ]]>
            </line>
            <line>
              <![CDATA[to enter Confirm password: ]]>
            </line>
            <line>
              <![CDATA[entered data in Confirm password: ]]>
            </line>
            <line>
              <![CDATA[to click Registration button]]>
            </line>
            <line>
              <![CDATA[ clicked Registration button]]>
            </line>
            <line>
              <![CDATA[<a href='C:\Users\user\eclipse-workspace\ecom\src\main\java\ecom\src\main\java\scrennShots\register new user_03_02_2018_08_46_05.png'> <img src='C:\Users\user\eclipse-workspace\ecom\src\main\java\ecom\src\main\java\scrennShots\register new user_03_02_2018_08_46_05.png' height='100' width='100'/> </a>]]>
            </line>
            <line>
              <![CDATA[Your registration completed]]>
            </line>
            <line>
              <![CDATA[===================End of the test==================]]>
            </line>
          </reporter-output>
        </test-method> <!-- Register_new_user -->
      </class> <!-- UiAuto.ecom.HomePage.TC002_Register_new_user -->
    </test> <!-- Cycle1 -->
  </suite> <!-- RegressionSuit -->
</testng-results>
